[DEBUG][2017/03/23 22:25:0450 ][org.apache.activemq.transport.AbstractInactivityMonitor$2.run(AbstractInactivityMonitor.java:119)]
WriteChecker: 10001ms elapsed since last write check.
[DEBUG][2017/03/23 22:25:0458 ][org.apache.activemq.transport.AbstractInactivityMonitor$3.run(AbstractInactivityMonitor.java:161)]
Running WriteCheck[tcp://127.0.0.1:61616]
[DEBUG][2017/03/23 22:25:05563][org.apache.zookeeper.ClientCnxn$SendThread.readResponse(ClientCnxn.java:829)]
Got ping response for sessionid: 0x15afadbf4820006 after 2ms
[DEBUG][2017/03/23 22:25:1451 ][org.apache.activemq.transport.AbstractInactivityMonitor$2.run(AbstractInactivityMonitor.java:119)]
WriteChecker: 10001ms elapsed since last write check.
[DEBUG][2017/03/23 22:25:1452 ][org.apache.activemq.transport.AbstractInactivityMonitor$3.run(AbstractInactivityMonitor.java:161)]
Running WriteCheck[tcp://127.0.0.1:61616]
[DEBUG][2017/03/23 22:25:15563][org.apache.zookeeper.ClientCnxn$SendThread.readResponse(ClientCnxn.java:829)]
Got ping response for sessionid: 0x15afadbf4820006 after 1ms
[DEBUG][2017/03/23 22:25:16439][com.alibaba.dubbo.remoting.exchange.support.header.HeartBeatTask.run(HeartBeatTask.java:66)]
 [DUBBO] Send heartbeat to remote channel /10.248.51.143:20880, cause: The channel has no data-transmission exceeds a heartbeat period: 60000ms, dubbo version: 2.5.3, current host: 10.248.51.143
[DEBUG][2017/03/23 22:25:16440][com.alibaba.dubbo.remoting.exchange.support.header.HeartbeatHandler.received(HeartbeatHandler.java:72)]
 [DUBBO] Received heartbeat from remote channel /10.248.51.143:63683, cause: The channel has no data-transmission exceeds a heartbeat period: 60000ms, dubbo version: 2.5.3, current host: 10.248.51.143
[DEBUG][2017/03/23 22:25:16440][com.alibaba.dubbo.remoting.exchange.support.header.HeartbeatHandler.received(HeartbeatHandler.java:82)]
 [DUBBO] Receive heartbeat response in thread New I/O worker #7, dubbo version: 2.5.3, current host: 10.248.51.143
[DEBUG][2017/03/23 22:25:23985][org.apache.activemq.transport.AbstractInactivityMonitor$1.run(AbstractInactivityMonitor.java:84)]
30001ms elapsed since last read check.
[DEBUG][2017/03/23 22:25:2452 ][org.apache.activemq.transport.AbstractInactivityMonitor$2.run(AbstractInactivityMonitor.java:119)]
WriteChecker: 10001ms elapsed since last write check.
[DEBUG][2017/03/23 22:25:2452 ][org.apache.activemq.transport.AbstractInactivityMonitor$3.run(AbstractInactivityMonitor.java:161)]
Running WriteCheck[tcp://127.0.0.1:61616]
[DEBUG][2017/03/23 22:25:25568][org.apache.zookeeper.ClientCnxn$SendThread.readResponse(ClientCnxn.java:829)]
Got ping response for sessionid: 0x15afadbf4820006 after 3ms
[DEBUG][2017/03/23 22:25:3452 ][org.apache.activemq.transport.AbstractInactivityMonitor$2.run(AbstractInactivityMonitor.java:119)]
WriteChecker: 10000ms elapsed since last write check.
[DEBUG][2017/03/23 22:25:3454 ][org.apache.activemq.transport.AbstractInactivityMonitor$3.run(AbstractInactivityMonitor.java:161)]
Running WriteCheck[tcp://127.0.0.1:61616]
[DEBUG][2017/03/23 22:25:35568][org.apache.zookeeper.ClientCnxn$SendThread.readResponse(ClientCnxn.java:829)]
Got ping response for sessionid: 0x15afadbf4820006 after 2ms
[DEBUG][2017/03/23 22:25:4453 ][org.apache.activemq.transport.AbstractInactivityMonitor$2.run(AbstractInactivityMonitor.java:119)]
WriteChecker: 10001ms elapsed since last write check.
[DEBUG][2017/03/23 22:25:4454 ][org.apache.activemq.transport.AbstractInactivityMonitor$3.run(AbstractInactivityMonitor.java:161)]
Running WriteCheck[tcp://127.0.0.1:61616]
[DEBUG][2017/03/23 22:25:45569][org.apache.zookeeper.ClientCnxn$SendThread.readResponse(ClientCnxn.java:829)]
Got ping response for sessionid: 0x15afadbf4820006 after 2ms
[ERROR][2017/03/23 22:52][org.springframework.web.context.ContextLoader.initWebApplicationContext(ContextLoader.java:331)]
Context initialization failed
org.springframework.beans.factory.parsing.BeanDefinitionParsingException: Configuration problem: Failed to import bean definitions from URL location [classpath:spring-activemq2.xml]
Offending resource: class path resource [applicationContext.xml]; nested exception is org.springframework.beans.factory.xml.XmlBeanDefinitionStoreException: Line 1881 in XML document from class path resource [spring-activemq2.xml] is invalid; nested exception is org.xml.sax.SAXParseException; systemId: http://activemq.apache.org/schema/core/activemq-core-5.12.1.xsd; lineNumber: 1881; columnNumber: 3; XML 文档结构必须从头至尾包含在同一个实体内。
	at org.springframework.beans.factory.parsing.FailFastProblemReporter.error(FailFastProblemReporter.java:70)
	at org.springframework.beans.factory.parsing.ReaderContext.error(ReaderContext.java:85)
	at org.springframework.beans.factory.parsing.ReaderContext.error(ReaderContext.java:76)
	at org.springframework.beans.factory.xml.DefaultBeanDefinitionDocumentReader.importBeanDefinitionResource(DefaultBeanDefinitionDocumentReader.java:235)
	at org.springframework.beans.factory.xml.DefaultBeanDefinitionDocumentReader.parseDefaultElement(DefaultBeanDefinitionDocumentReader.java:186)
	at org.springframework.beans.factory.xml.DefaultBeanDefinitionDocumentReader.parseBeanDefinitions(DefaultBeanDefinitionDocumentReader.java:171)
	at org.springframework.beans.factory.xml.DefaultBeanDefinitionDocumentReader.doRegisterBeanDefinitions(DefaultBeanDefinitionDocumentReader.java:144)
	at org.springframework.beans.factory.xml.DefaultBeanDefinitionDocumentReader.registerBeanDefinitions(DefaultBeanDefinitionDocumentReader.java:100)
	at org.springframework.beans.factory.xml.XmlBeanDefinitionReader.registerBeanDefinitions(XmlBeanDefinitionReader.java:510)
	at org.springframework.beans.factory.xml.XmlBeanDefinitionReader.doLoadBeanDefinitions(XmlBeanDefinitionReader.java:392)
	at org.springframework.beans.factory.xml.XmlBeanDefinitionReader.loadBeanDefinitions(XmlBeanDefinitionReader.java:336)
	at org.springframework.beans.factory.xml.XmlBeanDefinitionReader.loadBeanDefinitions(XmlBeanDefinitionReader.java:304)
	at org.springframework.beans.factory.support.AbstractBeanDefinitionReader.loadBeanDefinitions(AbstractBeanDefinitionReader.java:181)
	at org.springframework.beans.factory.support.AbstractBeanDefinitionReader.loadBeanDefinitions(AbstractBeanDefinitionReader.java:217)
	at org.springframework.beans.factory.support.AbstractBeanDefinitionReader.loadBeanDefinitions(AbstractBeanDefinitionReader.java:188)
	at org.springframework.web.context.support.XmlWebApplicationContext.loadBeanDefinitions(XmlWebApplicationContext.java:125)
	at org.springframework.web.context.support.XmlWebApplicationContext.loadBeanDefinitions(XmlWebApplicationContext.java:94)
	at org.springframework.context.support.AbstractRefreshableApplicationContext.refreshBeanFactory(AbstractRefreshableApplicationContext.java:129)
	at org.springframework.context.support.AbstractApplicationContext.obtainFreshBeanFactory(AbstractApplicationContext.java:537)
	at org.springframework.context.support.AbstractApplicationContext.refresh(AbstractApplicationContext.java:452)
	at org.springframework.web.context.ContextLoader.configureAndRefreshWebApplicationContext(ContextLoader.java:403)
	at org.springframework.web.context.ContextLoader.initWebApplicationContext(ContextLoader.java:306)
	at org.springframework.web.context.ContextLoaderListener.contextInitialized(ContextLoaderListener.java:106)
	at org.eclipse.jetty.server.handler.ContextHandler.callContextInitialized(ContextHandler.java:782)
	at org.eclipse.jetty.servlet.ServletContextHandler.callContextInitialized(ServletContextHandler.java:424)
	at org.eclipse.jetty.server.handler.ContextHandler.startContext(ContextHandler.java:774)
	at org.eclipse.jetty.servlet.ServletContextHandler.startContext(ServletContextHandler.java:249)
	at org.eclipse.jetty.webapp.WebAppContext.startContext(WebAppContext.java:1242)
	at org.eclipse.jetty.server.handler.ContextHandler.doStart(ContextHandler.java:717)
	at org.eclipse.jetty.webapp.WebAppContext.doStart(WebAppContext.java:494)
	at org.mortbay.jetty.plugin.JettyWebAppContext.doStart(JettyWebAppContext.java:298)
	at org.eclipse.jetty.util.component.AbstractLifeCycle.start(AbstractLifeCycle.java:64)
	at org.eclipse.jetty.server.handler.HandlerCollection.doStart(HandlerCollection.java:229)
	at org.eclipse.jetty.server.handler.ContextHandlerCollection.doStart(ContextHandlerCollection.java:172)
	at org.eclipse.jetty.util.component.AbstractLifeCycle.start(AbstractLifeCycle.java:64)
	at org.eclipse.jetty.server.handler.HandlerCollection.doStart(HandlerCollection.java:229)
	at org.eclipse.jetty.util.component.AbstractLifeCycle.start(AbstractLifeCycle.java:64)
	at org.eclipse.jetty.server.handler.HandlerWrapper.doStart(HandlerWrapper.java:95)
	at org.eclipse.jetty.server.Server.doStart(Server.java:282)
	at org.mortbay.jetty.plugin.JettyServer.doStart(JettyServer.java:65)
	at org.eclipse.jetty.util.component.AbstractLifeCycle.start(AbstractLifeCycle.java:64)
	at org.mortbay.jetty.plugin.AbstractJettyMojo.startJetty(AbstractJettyMojo.java:520)
	at org.mortbay.jetty.plugin.AbstractJettyMojo.execute(AbstractJettyMojo.java:365)
	at org.mortbay.jetty.plugin.JettyRunMojo.execute(JettyRunMojo.java:523)
	at org.apache.maven.plugin.DefaultBuildPluginManager.executeMojo(DefaultBuildPluginManager.java:132)
	at org.apache.maven.lifecycle.internal.MojoExecutor.execute(MojoExecutor.java:208)
	at org.apache.maven.lifecycle.internal.MojoExecutor.execute(MojoExecutor.java:153)
	at org.apache.maven.lifecycle.internal.MojoExecutor.execute(MojoExecutor.java:145)
	at org.apache.maven.lifecycle.internal.LifecycleModuleBuilder.buildProject(LifecycleModuleBuilder.java:116)
	at org.apache.maven.lifecycle.internal.LifecycleModuleBuilder.buildProject(LifecycleModuleBuilder.java:80)
	at org.apache.maven.lifecycle.internal.builder.singlethreaded.SingleThreadedBuilder.build(SingleThreadedBuilder.java:51)
	at org.apache.maven.lifecycle.internal.LifecycleStarter.execute(LifecycleStarter.java:120)
	at org.apache.maven.DefaultMaven.doExecute(DefaultMaven.java:355)
	at org.apache.maven.DefaultMaven.execute(DefaultMaven.java:155)
	at org.apache.maven.cli.MavenCli.execute(MavenCli.java:584)
	at org.apache.maven.cli.MavenCli.doMain(MavenCli.java:216)
	at org.apache.maven.cli.MavenCli.main(MavenCli.java:160)
	at sun.reflect.NativeMethodAccessorImpl.invoke0(Native Method)
	at sun.reflect.NativeMethodAccessorImpl.invoke(NativeMethodAccessorImpl.java:57)
	at sun.reflect.DelegatingMethodAccessorImpl.invoke(DelegatingMethodAccessorImpl.java:43)
	at java.lang.reflect.Method.invoke(Method.java:606)
	at org.codehaus.plexus.classworlds.launcher.Launcher.launchEnhanced(Launcher.java:289)
	at org.codehaus.plexus.classworlds.launcher.Launcher.launch(Launcher.java:229)
	at org.codehaus.plexus.classworlds.launcher.Launcher.mainWithExitCode(Launcher.java:415)
	at org.codehaus.plexus.classworlds.launcher.Launcher.main(Launcher.java:356)
	at org.codehaus.classworlds.Launcher.main(Launcher.java:47)
Caused by: org.springframework.beans.factory.xml.XmlBeanDefinitionStoreException: Line 1881 in XML document from class path resource [spring-activemq2.xml] is invalid; nested exception is org.xml.sax.SAXParseException; systemId: http://activemq.apache.org/schema/core/activemq-core-5.12.1.xsd; lineNumber: 1881; columnNumber: 3; XML 文档结构必须从头至尾包含在同一个实体内。
	at org.springframework.beans.factory.xml.XmlBeanDefinitionReader.doLoadBeanDefinitions(XmlBeanDefinitionReader.java:399)
	at org.springframework.beans.factory.xml.XmlBeanDefinitionReader.loadBeanDefinitions(XmlBeanDefinitionReader.java:336)
	at org.springframework.beans.factory.xml.XmlBeanDefinitionReader.loadBeanDefinitions(XmlBeanDefinitionReader.java:304)
	at org.springframework.beans.factory.support.AbstractBeanDefinitionReader.loadBeanDefinitions(AbstractBeanDefinitionReader.java:181)
	at org.springframework.beans.factory.support.AbstractBeanDefinitionReader.loadBeanDefinitions(AbstractBeanDefinitionReader.java:217)
	at org.springframework.beans.factory.xml.DefaultBeanDefinitionDocumentReader.importBeanDefinitionResource(DefaultBeanDefinitionDocumentReader.java:229)
	... 62 more
Caused by: org.xml.sax.SAXParseException; systemId: http://activemq.apache.org/schema/core/activemq-core-5.12.1.xsd; lineNumber: 1881; columnNumber: 3; XML 文档结构必须从头至尾包含在同一个实体内。
	at com.sun.org.apache.xerces.internal.util.ErrorHandlerWrapper.createSAXParseException(ErrorHandlerWrapper.java:198)
	at com.sun.org.apache.xerces.internal.util.ErrorHandlerWrapper.fatalError(ErrorHandlerWrapper.java:177)
	at com.sun.org.apache.xerces.internal.impl.XMLErrorReporter.reportError(XMLErrorReporter.java:441)
	at com.sun.org.apache.xerces.internal.impl.XMLErrorReporter.reportError(XMLErrorReporter.java:368)
	at com.sun.org.apache.xerces.internal.impl.XMLScanner.reportFatalError(XMLScanner.java:1436)
	at com.sun.org.apache.xerces.internal.impl.XMLDocumentFragmentScannerImpl.endEntity(XMLDocumentFragmentScannerImpl.java:903)
	at com.sun.org.apache.xerces.internal.impl.XMLDocumentScannerImpl.endEntity(XMLDocumentScannerImpl.java:563)
	at com.sun.org.apache.xerces.internal.impl.XMLEntityManager.endEntity(XMLEntityManager.java:1391)
	at com.sun.org.apache.xerces.internal.impl.XMLEntityScanner.load(XMLEntityScanner.java:1749)
	at com.sun.org.apache.xerces.internal.impl.XMLEntityScanner.skipChar(XMLEntityScanner.java:1400)
	at com.sun.org.apache.xerces.internal.impl.XMLDocumentFragmentScannerImpl$FragmentContentDriver.next(XMLDocumentFragmentScannerImpl.java:2823)
	at com.sun.org.apache.xerces.internal.impl.XMLDocumentScannerImpl.next(XMLDocumentScannerImpl.java:606)
	at com.sun.org.apache.xerces.internal.impl.XMLNSDocumentScannerImpl.next(XMLNSDocumentScannerImpl.java:117)
	at com.sun.org.apache.xerces.internal.impl.XMLDocumentFragmentScannerImpl.scanDocument(XMLDocumentFragmentScannerImpl.java:510)
	at com.sun.org.apache.xerces.internal.impl.xs.opti.SchemaParsingConfig.parse(SchemaParsingConfig.java:629)
	at com.sun.org.apache.xerces.internal.impl.xs.opti.SchemaParsingConfig.parse(SchemaParsingConfig.java:685)
	at com.sun.org.apache.xerces.internal.impl.xs.opti.SchemaDOMParser.parse(SchemaDOMParser.java:530)
	at com.sun.org.apache.xerces.internal.impl.xs.traversers.XSDHandler.getSchemaDocument(XSDHandler.java:2175)
	at com.sun.org.apache.xerces.internal.impl.xs.traversers.XSDHandler.parseSchema(XSDHandler.java:573)
	at com.sun.org.apache.xerces.internal.impl.xs.XMLSchemaLoader.loadSchema(XMLSchemaLoader.java:617)
	at com.sun.org.apache.xerces.internal.impl.xs.XMLSchemaValidator.findSchemaGrammar(XMLSchemaValidator.java:2453)
	at com.sun.org.apache.xerces.internal.impl.xs.XMLSchemaValidator.handleStartElement(XMLSchemaValidator.java:1772)
	at com.sun.org.apache.xerces.internal.impl.xs.XMLSchemaValidator.emptyElement(XMLSchemaValidator.java:766)
	at com.sun.org.apache.xerces.internal.impl.XMLNSDocumentScannerImpl.scanStartElement(XMLNSDocumentScannerImpl.java:356)
	at com.sun.org.apache.xerces.internal.impl.XMLDocumentFragmentScannerImpl$FragmentContentDriver.next(XMLDocumentFragmentScannerImpl.java:2786)
	at com.sun.org.apache.xerces.internal.impl.XMLDocumentScannerImpl.next(XMLDocumentScannerImpl.java:606)
	at com.sun.org.apache.xerces.internal.impl.XMLNSDocumentScannerImpl.next(XMLNSDocumentScannerImpl.java:117)
	at com.sun.org.apache.xerces.internal.impl.XMLDocumentFragmentScannerImpl.scanDocument(XMLDocumentFragmentScannerImpl.java:510)
	at com.sun.org.apache.xerces.internal.parsers.XML11Configuration.parse(XML11Configuration.java:848)
	at com.sun.org.apache.xerces.internal.parsers.XML11Configuration.parse(XML11Configuration.java:777)
	at com.sun.org.apache.xerces.internal.parsers.XMLParser.parse(XMLParser.java:141)
	at com.sun.org.apache.xerces.internal.parsers.DOMParser.parse(DOMParser.java:243)
	at com.sun.org.apache.xerces.internal.jaxp.DocumentBuilderImpl.parse(DocumentBuilderImpl.java:347)
	at org.springframework.beans.factory.xml.DefaultDocumentLoader.loadDocument(DefaultDocumentLoader.java:76)
	at org.springframework.beans.factory.xml.XmlBeanDefinitionReader.doLoadDocument(XmlBeanDefinitionReader.java:429)
	at org.springframework.beans.factory.xml.XmlBeanDefinitionReader.doLoadBeanDefinitions(XmlBeanDefinitionReader.java:391)
	... 67 more
